This is e-pTeX, Version 3.141592653-p4.0.0-220214-2.6 (utf8.sjis) (TeX Live 2022) (preloaded format=platex 2023.1.27)  25 JAN 2025 00:09
entering extended mode
 restricted \write18 enabled.
 file:line:error style messages enabled.
 %&-line parsing enabled.
**c:/Users/19t305/Documents/香川研究室/論文/修論/thesis.tex
(c:/Users/19t305/Documents/香川研究室/論文/修論/thesis.tex
pLaTeX2e <2021-11-15>+1 (based on LaTeX2e <2022-11-01> patch level 1)
L3 programming layer <2023-01-24> (./cssspaper.cls
Document Class `香川大学 創造工学部 創造工学科 情報システム・セキュリティコース 論文スタイル'.
Document Class: cssspaper 2021/12/19 v1.0 kometani.
(c:/texlive/2022/texmf-dist/tex/platex/base/jreport.cls
Document Class: jreport 2020/09/30 v1.8f Standard pLaTeX class
\c@@paper=\count184
(c:/texlive/2022/texmf-dist/tex/platex/base/jsize11.clo
File: jsize11.clo 2020/09/30 v1.8f Standard pLaTeX file (size option)
)
\c@part=\count185
\c@chapter=\count186
\c@section=\count187
\c@subsection=\count188
\c@subsubsection=\count189
\c@paragraph=\count190
\c@subparagraph=\count191
\c@figure=\count192
\c@table=\count193
\abovecaptionskip=\skip48
\belowcaptionskip=\skip49
\symmincho=\mathgroup4
LaTeX Font Info:    Overwriting symbol font `mincho' in version `bold'
(Font)                  JY1/mc/m/n --> JY1/gt/m/n on input line 704.
\toclineskip=\dimen156
\@lnumwidth=\dimen157
\bibindent=\dimen158
\heisei=\count194
) (c:/texlive/2022/texmf-dist/tex/latex/multirow/multirow.sty
Package: multirow 2021/03/15 v2.8 Span multiple rows of a table
\multirow@colwidth=\skip50
\multirow@cntb=\count195
\multirow@dima=\skip51
\bigstrutjot=\dimen159
)
\@etitlebox=\box68
\@eabstractbox=\box69
\@jabstractbox=\box70
\@keywordbox=\box71
\@achievebox=\box72
\SIDEMARGIN=\skip52
) (c:/texlive/2022/texmf-dist/tex/latex/base/makeidx.sty
Package: makeidx 2021/10/04 v1.0m Standard LaTeX package
) (c:/texlive/2022/texmf-dist/tex/latex/tools/verbatim.sty
Package: verbatim 2022-07-02 v1.5u LaTeX2e package for verbatim enhancements
\every@verbatim=\toks17
\verbatim@line=\toks18
\verbatim@in@stream=\read2
) (c:/texlive/2022/texmf-dist/tex/latex/graphics/graphicx.sty
Package: graphicx 2021/09/16 v1.2d Enhanced LaTeX Graphics (DPC,SPQR)
(c:/texlive/2022/texmf-dist/tex/latex/graphics/keyval.sty
Package: keyval 2022/05/29 v1.15 key=value parser (DPC)
\KV@toks@=\toks19
) (c:/texlive/2022/texmf-dist/tex/latex/graphics/graphics.sty
Package: graphics 2022/03/10 v1.4e Standard LaTeX Graphics (DPC,SPQR)
(c:/texlive/2022/texmf-dist/tex/latex/graphics/trig.sty
Package: trig 2021/08/11 v1.11 sin cos tan (DPC)
) (c:/texlive/2022/texmf-dist/tex/latex/graphics-cfg/graphics.cfg
File: graphics.cfg 2016/06/04 v1.11 sample graphics configuration
)
Package graphics Info: Driver file: dvipdfmx.def on input line 107.
(c:/texlive/2022/texmf-dist/tex/latex/graphics-def/dvipdfmx.def
File: dvipdfmx.def 2022/09/22 v5.0m Graphics/color driver for dvipdfmx
))
\Gin@req@height=\dimen160
\Gin@req@width=\dimen161
) (c:/texlive/2022/texmf-dist/tex/latex/listings/listings.sty
\lst@mode=\count196
\lst@gtempboxa=\box73
\lst@token=\toks20
\lst@length=\count197
\lst@currlwidth=\dimen162
\lst@column=\count198
\lst@pos=\count199
\lst@lostspace=\dimen163
\lst@width=\dimen164
\lst@newlines=\count266
\lst@lineno=\count267
\lst@maxwidth=\dimen165
(c:/texlive/2022/texmf-dist/tex/latex/listings/lstmisc.sty
File: lstmisc.sty 2020/03/24 1.8d (Carsten Heinz)
\c@lstnumber=\count268
\lst@skipnumbers=\count269
\lst@framebox=\box74
) (c:/texlive/2022/texmf-dist/tex/latex/listings/listings.cfg
File: listings.cfg 2020/03/24 1.8d listings configuration
))
Package: listings 2020/03/24 1.8d (Carsten Heinz)
(c:/texlive/2022/texmf-dist/tex/latex/jvlisting/jvlisting.sty
Package: jvlisting 2011/11/17 v0.7 Formatted Program Listings
\jvl@idt=\count270
\jvl@tmphyphenchar=\count271
\jvl@fileinput=\read3
\listingskipamount=\skip53
\listingindent=\dimen166
\prelistingpenalty=\count272
\listingpenalty=\count273
\postlistingpenalty=\count274
)
LaTeX Font Info:    External font `cmex10' loaded for size
(Font)              <10.95> on input line 46.
LaTeX Font Info:    External font `cmex10' loaded for size
(Font)              <8> on input line 46.
LaTeX Font Info:    External font `cmex10' loaded for size
(Font)              <6> on input line 46.
LaTeX Font Info:    Font shape `JT1/mc/bx/n' in size <10.95> not available
(Font)              Font shape `JT1/gt/m/n' tried instead on input line 48.
LaTeX Font Info:    Font shape `JY1/mc/bx/n' in size <10.95> not available
(Font)              Font shape `JY1/gt/m/n' tried instead on input line 48.
(c:/texlive/2022/texmf-dist/tex/latex/l3backend/l3backend-dvips.def
File: l3backend-dvips.def 2023-01-16 L3 backend support: dvips
\l__pdf_internal_box=\box75
\g__pdf_backend_object_int=\count275
\l__pdf_backend_content_box=\box76
\l__pdf_backend_model_box=\box77
\g__pdf_backend_annotation_int=\count276
\g__pdf_backend_link_int=\count277
\g__pdf_backend_link_sf_int=\count278
) (out/thesis.aux)
\openout1 = `thesis.aux'.

LaTeX Font Info:    Checking defaults for OML/cmm/m/it on input line 60.
LaTeX Font Info:    ... okay on input line 60.
LaTeX Font Info:    Checking defaults for OMS/cmsy/m/n on input line 60.
LaTeX Font Info:    ... okay on input line 60.
LaTeX Font Info:    Checking defaults for OT1/cmr/m/n on input line 60.
LaTeX Font Info:    ... okay on input line 60.
LaTeX Font Info:    Checking defaults for T1/cmr/m/n on input line 60.
LaTeX Font Info:    ... okay on input line 60.
LaTeX Font Info:    Checking defaults for TS1/cmr/m/n on input line 60.
LaTeX Font Info:    ... okay on input line 60.
LaTeX Font Info:    Checking defaults for OMX/cmex/m/n on input line 60.
LaTeX Font Info:    ... okay on input line 60.
LaTeX Font Info:    Checking defaults for U/cmr/m/n on input line 60.
LaTeX Font Info:    ... okay on input line 60.
LaTeX Font Info:    Checking defaults for JY1/mc/m/n on input line 60.
LaTeX Font Info:    ... okay on input line 60.
LaTeX Font Info:    Checking defaults for JT1/mc/m/n on input line 60.
LaTeX Font Info:    ... okay on input line 60.
\c@lstlisting=\count279
LaTeX Font Info:    Font shape `JT1/mc/bx/n' in size <20.74> not available
(Font)              Font shape `JT1/gt/m/n' tried instead on input line 61.
LaTeX Font Info:    Font shape `JY1/mc/bx/n' in size <20.74> not available
(Font)              Font shape `JY1/gt/m/n' tried instead on input line 61.
LaTeX Font Info:    Font shape `JT1/mc/bx/n' in size <14.4> not available
(Font)              Font shape `JT1/gt/m/n' tried instead on input line 61.
LaTeX Font Info:    Font shape `JY1/mc/bx/n' in size <14.4> not available
(Font)              Font shape `JY1/gt/m/n' tried instead on input line 61.
[0


]
Overfull \hbox (10.53625pt too wide) in paragraph at lines 61--61
[][] 
 []


Overfull \hbox (10.53625pt too wide) in paragraph at lines 61--61
[][] 
 []


Overfull \hbox (10.53625pt too wide) in paragraph at lines 61--61
[][] 
 []


Overfull \hbox (10.53625pt too wide) in paragraph at lines 61--61
[][] 
 []

[1] [2] (out/thesis.toc [1

])
\tf@toc=\write3
\openout3 = `thesis.toc'.

[2] (out/thesis.lot)
\tf@lot=\write4
\openout4 = `thesis.lot'.

[3

] (out/thesis.lof)
\tf@lof=\write5
\openout5 = `thesis.lof'.

[4

]
第 \lower 0.1ex\hbox { } 1 章
[1

]
LaTeX Font Info:    Font shape `JT1/mc/bx/n' in size <12> not available
(Font)              Font shape `JT1/gt/m/n' tried instead on input line 135.
LaTeX Font Info:    Font shape `JY1/mc/bx/n' in size <12> not available
(Font)              Font shape `JY1/gt/m/n' tried instead on input line 135.

Underfull \vbox (badness 10000) has occurred while \output is active []

[2] [3]
File: flow.png Graphic file (type bmp)
<flow.png>

LaTeX Warning: `h' float specifier changed to `ht'.

[4] [5] [6]
第 \lower 0.1ex\hbox { } 2 章
[7

] [8] [9]
File: lcq.png Graphic file (type bmp)
<lcq.png>
[10]
File: mermaid.png Graphic file (type bmp)
<mermaid.png>
[11] [12]
第 \lower 0.1ex\hbox { } 3 章
File: system.png Graphic file (type bmp)
<system.png>
[13

] [14]
File: lcq1.png Graphic file (type bmp)
<lcq1.png>
[15] [16]
File: if.png Graphic file (type bmp)
<if.png>
[17]
File: for.png Graphic file (type bmp)
<for.png>
[18]
File: while.png Graphic file (type bmp)
<while.png>

Underfull \vbox (badness 1776) has occurred while \output is active []

[19]
File: dowhile.png Graphic file (type bmp)
<dowhile.png>
File: systemuse1.png Graphic file (type bmp)
<systemuse1.png>

Underfull \vbox (badness 10000) has occurred while \output is active []

[20]
File: systemuse2.png Graphic file (type bmp)
<systemuse2.png>

LaTeX Warning: `h' float specifier changed to `ht'.

[21] [22]
第 \lower 0.1ex\hbox { } 4 章
[23

]
第 \lower 0.1ex\hbox { } 5 章
[24

]
謝辞
[25

]
参考文献
[26

] (out/thesis.aux) ) 
Here is how much of TeX's memory you used:
 3029 strings out of 476498
 45567 string characters out of 5805898
 1952309 words of memory out of 5000000
 23671 multiletter control sequences out of 15000+600000
 525445 words of font info for 84 fonts, out of 8000000 for 9000
 929 hyphenation exceptions out of 8191
 57i,13n,62p,275b,1772s stack positions out of 10000i,1000n,20000p,200000b,200000s

Output written on out/thesis.dvi (33 pages, 87644 bytes).
